<?xml version="1.0" encoding="UTF-8"?>
<testng-results ignored="0" total="1" passed="1" failed="0" skipped="0">
  <reporter-output>
  </reporter-output>
  <suite started-at="2023-03-03T17:38:36 IST" name="Default suite" finished-at="2023-03-03T17:38:50 IST" duration-ms="13791">
    <groups>
    </groups>
    <test started-at="2023-03-03T17:38:36 IST" name="Default test" finished-at="2023-03-03T17:38:50 IST" duration-ms="13791">
      <class name="Pages.LoginTest">
        <test-method signature="Test()[pri:0, instance:Pages.LoginTest@156b88f5]" started-at="2023-03-03T17:38:36 IST" name="Test" finished-at="2023-03-03T17:38:50 IST" duration-ms="13745" status="PASS">
          <reporter-output>
          </reporter-output>
        </test-method> <!-- Test -->
      </class> <!-- Pages.LoginTest -->
    </test> <!-- Default test -->
  </suite> <!-- Default suite -->
</testng-results>
